Build started 22.6.2014 г. 22:42:49.
     1>Project "D:\Icho\Documents\Visual Studio 2013\Projects\TextGameOOP\TextGameOOP\TextGameOOP.vcxproj" on node 2 (Rebuild target(s)).
     1>ClCompile:
         C:\Program Files (x86)\Microsoft Visual Studio 12.0\VC\bin\CL.exe /c /Zi /nologo /W3 /WX- /O2 /Oi /Oy- /GL /D CODE_ANALYSIS /D WIN32 /D NDEBUG /D _CONSOLE /D _LIB /D _UNICODE /D UNICODE /Gm- /EHsc /MD /GS /Gy /fp:precise /Zc:wchar_t /Zc:forScope /Fo"Release\\" /Fd"Release\vc120.pdb" /Gd /TP /analyze /analyze:plugin"C:\Program Files (x86)\Microsoft Visual Studio 12.0\VC\\bin\localespc.dll" /errorReport:prompt   /analyze:quiet Game.cpp Message.cpp Option.cpp Player.cpp PlayerBelongings.cpp
         Game.cpp
         Message.cpp
         Option.cpp
         Player.cpp
         PlayerBelongings.cpp
         Running Code Analysis for C/C++...
       Link:
         C:\Program Files (x86)\Microsoft Visual Studio 12.0\VC\bin\link.exe /ERRORREPORT:PROMPT /OUT:"D:\Icho\Documents\Visual Studio 2013\Projects\TextGameOOP\Release\TextGameOOP.exe" /INCREMENTAL:NO /NOLOGO kernel32.lib user32.lib gdi32.lib winspool.lib comdlg32.lib advapi32.lib shell32.lib ole32.lib oleaut32.lib uuid.lib odbc32.lib odbccp32.lib /MANIFEST /MANIFESTUAC:"level='asInvoker' uiAccess='false'" /manifest:embed /DEBUG /PDB:"D:\Icho\Documents\Visual Studio 2013\Projects\TextGameOOP\Release\TextGameOOP.pdb" /SUBSYSTEM:CONSOLE /OPT:REF /OPT:ICF /LTCG /TLBID:1 /DYNAMICBASE /NXCOMPAT /IMPLIB:"D:\Icho\Documents\Visual Studio 2013\Projects\TextGameOOP\Release\TextGameOOP.lib" /MACHINE:X86 /SAFESEH Release\Game.obj
         Release\Message.obj
         Release\Option.obj
         Release\Player.obj
         Release\PlayerBelongings.obj
         Generating code
         Finished generating code
         TextGameOOP.vcxproj -> D:\Icho\Documents\Visual Studio 2013\Projects\TextGameOOP\Release\TextGameOOP.exe
     1>d:\icho\documents\visual studio 2013\projects\textgameoop\textgameoop\message.cpp(27): warning C6001: Using uninitialized memory 'bufferWidth'.
     1>Done Building Project "D:\Icho\Documents\Visual Studio 2013\Projects\TextGameOOP\TextGameOOP\TextGameOOP.vcxproj" (Rebuild target(s)).

Build succeeded.

Time Elapsed 00:00:28.79
